<?xml version="1.0" encoding="utf-8"?><testsuites name="pytest tests"><testsuite name="pytest" errors="0" failures="0" skipped="0" tests="13" time="3.945" timestamp="2026-02-05T18:54:59.117642+00:00" hostname="agent-env-371ba022-1508-44eb-96d3-7cf57d55389e"><testcase classname="backend.tests.test_notifications_and_upload.TestAuth" name="test_login_success" time="0.299" /><testcase classname="backend.tests.test_notifications_and_upload.TestNotifications" name="test_get_notifications" time="0.306" /><testcase classname="backend.tests.test_notifications_and_upload.TestNotifications" name="test_notification_structure" time="0.304" /><testcase classname="backend.tests.test_notifications_and_upload.TestNotifications" name="test_mark_all_notifications_read" time="0.333" /><testcase classname="backend.tests.test_notifications_and_upload.TestNotificationCreationOnBooking" name="test_get_services_for_booking" time="0.045" /><testcase classname="backend.tests.test_notifications_and_upload.TestNotificationCreationOnBooking" name="test_public_booking_creates_notification" time="0.449" /><testcase classname="backend.tests.test_notifications_and_upload.TestFileUpload" name="test_upload_txt_file" time="0.294" /><testcase classname="backend.tests.test_notifications_and_upload.TestFileUpload" name="test_upload_jpg_file" time="0.292" /><testcase classname="backend.tests.test_notifications_and_upload.TestFileUpload" name="test_upload_pdf_file" time="0.296" /><testcase classname="backend.tests.test_notifications_and_upload.TestFileUpload" name="test_upload_file_too_large_rejected" time="0.337" /><testcase classname="backend.tests.test_notifications_and_upload.TestFileUpload" name="test_upload_invalid_extension_rejected" time="0.299" /><testcase classname="backend.tests.test_notifications_and_upload.TestDashboard" name="test_get_business_stats" time="0.336" /><testcase classname="backend.tests.test_notifications_and_upload.TestDashboard" name="test_get_bookings" time="0.301" /></testsuite></testsuites>