<?xml version="1.0" encoding="utf-8"?><testsuites name="pytest tests"><testsuite name="pytest" errors="0" failures="3" skipped="2" tests="15" time="1.455" timestamp="2026-02-06T23:25:11.614118+00:00" hostname="agent-env-23f7bf4c-82ce-4873-a14b-12bd2f172a1a"><testcase classname="backend.tests.test_forgot_password_and_booking_actions.TestForgotPasswordEmail" name="test_forgot_password_send_code_existing_user" time="0.341" /><testcase classname="backend.tests.test_forgot_password_and_booking_actions.TestForgotPasswordEmail" name="test_forgot_password_send_code_nonexistent_user" time="0.036" /><testcase classname="backend.tests.test_forgot_password_and_booking_actions.TestForgotPasswordEmail" name="test_verify_reset_code_invalid" time="0.038" /><testcase classname="backend.tests.test_forgot_password_and_booking_actions.TestForgotPasswordEmail" name="test_reset_password_invalid_token" time="0.037" /><testcase classname="backend.tests.test_forgot_password_and_booking_actions.TestForgotPasswordPhone" name="test_send_otp_nonexistent_phone" time="0.042" /><testcase classname="backend.tests.test_forgot_password_and_booking_actions.TestForgotPasswordPhone" name="test_verify_otp_invalid" time="0.043" /><testcase classname="backend.tests.test_forgot_password_and_booking_actions.TestForgotPasswordPhone" name="test_reset_password_otp_invalid" time="0.036" /><testcase classname="backend.tests.test_forgot_password_and_booking_actions.TestBookingByToken" name="test_get_booking_by_invalid_token" time="0.037" /><testcase classname="backend.tests.test_forgot_password_and_booking_actions.TestBookingByToken" name="test_cancel_booking_invalid_token" time="0.033" /><testcase classname="backend.tests.test_forgot_password_and_booking_actions.TestBookingByToken" name="test_reschedule_booking_invalid_token" time="0.038" /><testcase classname="backend.tests.test_forgot_password_and_booking_actions.TestGoogleAuthBlocking" name="test_google_signup_new_user" time="0.036"><failure message="assert 422 == 200&#10; +  where 422 = &lt;Response [422]&gt;.status_code">backend/tests/test_forgot_password_and_booking_actions.py:137: in test_google_signup_new_user
    assert response.status_code == 200
E   assert 422 == 200
E    +  where 422 = &lt;Response [422]&gt;.status_code</failure></testcase><testcase classname="backend.tests.test_forgot_password_and_booking_actions.TestGoogleAuthBlocking" name="test_google_signup_existing_email_password_user_blocked" time="0.031"><failure message="assert 422 == 409&#10; +  where 422 = &lt;Response [422]&gt;.status_code">backend/tests/test_forgot_password_and_booking_actions.py:152: in test_google_signup_existing_email_password_user_blocked
    assert response.status_code == 409
E   assert 422 == 409
E    +  where 422 = &lt;Response [422]&gt;.status_code</failure></testcase><testcase classname="backend.tests.test_forgot_password_and_booking_actions.TestGoogleAuthBlocking" name="test_google_signup_without_email" time="0.032"><failure message="assert 422 == 400&#10; +  where 422 = &lt;Response [422]&gt;.status_code">backend/tests/test_forgot_password_and_booking_actions.py:163: in test_google_signup_without_email
    assert response.status_code == 400
E   assert 422 == 400
E    +  where 422 = &lt;Response [422]&gt;.status_code</failure></testcase><testcase classname="backend.tests.test_forgot_password_and_booking_actions.TestBookingWithCancelToken" name="test_create_booking_has_cancel_token" time="0.286"><skipped type="pytest.skip" message="Could not get business info">/app/backend/tests/test_forgot_password_and_booking_actions.py:189: Could not get business info</skipped></testcase><testcase classname="backend.tests.test_forgot_password_and_booking_actions.TestPublicBusinessEndpoint" name="test_public_business_returns_availability" time="0.292"><skipped type="pytest.skip" message="Could not get business">/app/backend/tests/test_forgot_password_and_booking_actions.py:241: Could not get business</skipped></testcase></testsuite></testsuites>