<?xml version="1.0" encoding="utf-8"?><testsuites name="pytest tests"><testsuite name="pytest" errors="0" failures="3" skipped="0" tests="18" time="4.340" timestamp="2026-02-06T12:54:53.686711+00:00" hostname="agent-env-4df8e965-f271-471a-a95d-5bb2c60c9986"><testcase classname="backend.tests.test_auth_and_core.TestHealthCheck" name="test_health_endpoint" time="0.084" /><testcase classname="backend.tests.test_auth_and_core.TestAuthentication" name="test_login_business_owner" time="0.269" /><testcase classname="backend.tests.test_auth_and_core.TestAuthentication" name="test_login_admin" time="0.263" /><testcase classname="backend.tests.test_auth_and_core.TestAuthentication" name="test_login_invalid_credentials" time="0.038" /><testcase classname="backend.tests.test_auth_and_core.TestAuthentication" name="test_get_current_user" time="0.296" /><testcase classname="backend.tests.test_auth_and_core.TestGoogleAuth" name="test_google_signup_new_user" time="0.258" /><testcase classname="backend.tests.test_auth_and_core.TestGoogleAuth" name="test_google_signup_existing_user" time="0.037" /><testcase classname="backend.tests.test_auth_and_core.TestGoogleAuth" name="test_google_signup_missing_email" time="0.038" /><testcase classname="backend.tests.test_auth_and_core.TestBusinessAPIs" name="test_get_business" time="0.300" /><testcase classname="backend.tests.test_auth_and_core.TestBusinessAPIs" name="test_get_business_stats" time="0.290" /><testcase classname="backend.tests.test_auth_and_core.TestServicesAPIs" name="test_get_services" time="0.290" /><testcase classname="backend.tests.test_auth_and_core.TestBookingsAPIs" name="test_get_bookings" time="0.291" /><testcase classname="backend.tests.test_auth_and_core.TestSupportAPIs" name="test_get_support_conversations" time="0.290"><failure message="assert 404 == 200&#10; +  where 404 = &lt;Response [404]&gt;.status_code">backend/tests/test_auth_and_core.py:218: in test_get_support_conversations
    assert response.status_code == 200
E   assert 404 == 200
E    +  where 404 = &lt;Response [404]&gt;.status_code</failure></testcase><testcase classname="backend.tests.test_auth_and_core.TestSupportAPIs" name="test_create_support_ticket" time="0.329"><failure message="assert 404 in [200, 201]&#10; +  where 404 = &lt;Response [404]&gt;.status_code">backend/tests/test_auth_and_core.py:233: in test_create_support_ticket
    assert response.status_code in [200, 201]
E   assert 404 in [200, 201]
E    +  where 404 = &lt;Response [404]&gt;.status_code</failure></testcase><testcase classname="backend.tests.test_auth_and_core.TestNotificationsAPIs" name="test_get_notifications" time="0.293" /><testcase classname="backend.tests.test_auth_and_core.TestAdminAPIs" name="test_admin_get_all_users" time="0.291" /><testcase classname="backend.tests.test_auth_and_core.TestAdminAPIs" name="test_admin_get_all_businesses" time="0.291" /><testcase classname="backend.tests.test_auth_and_core.TestAdminAPIs" name="test_admin_get_support_inbox" time="0.289"><failure message="assert 404 == 200&#10; +  where 404 = &lt;Response [404]&gt;.status_code">backend/tests/test_auth_and_core.py:297: in test_admin_get_support_inbox
    assert response.status_code == 200
E   assert 404 == 200
E    +  where 404 = &lt;Response [404]&gt;.status_code</failure></testcase></testsuite></testsuites>