<?xml version="1.0" encoding="utf-8"?><testsuites name="pytest tests"><testsuite name="pytest" errors="0" failures="0" skipped="0" tests="8" time="2.334" timestamp="2026-02-07T00:06:55.613678+00:00" hostname="agent-env-23f7bf4c-82ce-4873-a14b-12bd2f172a1a"><testcase classname="test_iteration21_comprehensive.TestBookingDateTimeSync" name="test_patch_booking_updates_all_datetime_fields" time="0.435" /><testcase classname="test_iteration21_comprehensive.TestSupportChatPolling" name="test_conversations_endpoint_fast_response" time="0.299" /><testcase classname="test_iteration21_comprehensive.TestSupportChatPolling" name="test_messages_endpoint_fast_response" time="0.336" /><testcase classname="test_iteration21_comprehensive.TestGoogleCalendarStatus" name="test_google_status_endpoint_exists" time="0.298" /><testcase classname="test_iteration21_comprehensive.TestForgotPasswordEndpoints" name="test_forgot_password_email_endpoint" time="0.033" /><testcase classname="test_iteration21_comprehensive.TestForgotPasswordEndpoints" name="test_forgot_password_phone_otp_endpoint" time="0.038" /><testcase classname="test_iteration21_comprehensive.TestCalendarBookingPosition" name="test_booking_at_6am_has_correct_start_time" time="0.439" /><testcase classname="test_iteration21_comprehensive.TestCalendarBookingPosition" name="test_booking_at_9am_has_correct_start_time" time="0.396" /></testsuite></testsuites>