<?xml version="1.0" encoding="utf-8"?><testsuites name="pytest tests"><testsuite name="pytest" errors="0" failures="0" skipped="0" tests="12" time="4.984" timestamp="2026-02-04T23:04:23.350621+00:00" hostname="agent-env-4aa0c96c-8ee4-42ee-883b-e18f331cad14"><testcase classname="backend.tests.test_team_page.TestTeamMembersAPI" name="test_get_team_members" time="0.330" /><testcase classname="backend.tests.test_team_page.TestTeamMembersAPI" name="test_create_team_member_with_visibility" time="0.430" /><testcase classname="backend.tests.test_team_page.TestTeamMembersAPI" name="test_create_team_member_hidden_from_booking" time="0.416" /><testcase classname="backend.tests.test_team_page.TestTeamMembersAPI" name="test_update_team_member_visibility" time="0.404" /><testcase classname="backend.tests.test_team_page.TestAvatarUpload" name="test_upload_avatar_jpeg" time="0.299" /><testcase classname="backend.tests.test_team_page.TestAvatarUpload" name="test_upload_avatar_invalid_type" time="0.313" /><testcase classname="backend.tests.test_team_page.TestAvatarUpload" name="test_upload_avatar_requires_auth" time="0.300" /><testcase classname="backend.tests.test_team_page.TestPublicTeamEndpoint" name="test_public_team_endpoint_exists" time="0.298" /><testcase classname="backend.tests.test_team_page.TestPublicTeamEndpoint" name="test_public_team_filters_hidden_members" time="0.985" /><testcase classname="backend.tests.test_team_page.TestPublicTeamEndpoint" name="test_public_team_includes_visible_members" time="0.368" /><testcase classname="backend.tests.test_team_page.TestTeamMemberFields" name="test_create_member_with_all_fields" time="0.368" /><testcase classname="backend.tests.test_team_page.TestTeamMemberFields" name="test_update_member_avatar_url" time="0.415" /></testsuite></testsuites>