<?xml version="1.0" encoding="utf-8"?><testsuites name="pytest tests"><testsuite name="pytest" errors="0" failures="0" skipped="0" tests="20" time="4.464" timestamp="2026-02-04T17:54:56.068035+00:00" hostname="agent-env-cb1158f0-effc-4e69-8a9b-4c90ca3bb78f"><testcase classname="backend.tests.test_auth_and_core.TestHealthEndpoints" name="test_health_endpoint" time="0.058" /><testcase classname="backend.tests.test_auth_and_core.TestHealthEndpoints" name="test_root_endpoint" time="0.074" /><testcase classname="backend.tests.test_auth_and_core.TestAuthentication" name="test_login_success" time="0.299" /><testcase classname="backend.tests.test_auth_and_core.TestAuthentication" name="test_login_invalid_credentials" time="0.051" /><testcase classname="backend.tests.test_auth_and_core.TestAuthentication" name="test_get_current_user" time="0.306" /><testcase classname="backend.tests.test_auth_and_core.TestAuthentication" name="test_signup_duplicate_email" time="0.038" /><testcase classname="backend.tests.test_auth_and_core.TestBusinessEndpoints" name="test_get_business" time="0.297" /><testcase classname="backend.tests.test_auth_and_core.TestServicesEndpoints" name="test_get_services" time="0.297" /><testcase classname="backend.tests.test_auth_and_core.TestServicesEndpoints" name="test_create_and_delete_service" time="0.376" /><testcase classname="backend.tests.test_auth_and_core.TestBookingsEndpoints" name="test_get_bookings" time="0.304" /><testcase classname="backend.tests.test_auth_and_core.TestAnalyticsEndpoints" name="test_dashboard_analytics" time="0.303" /><testcase classname="backend.tests.test_auth_and_core.TestShareLinkEndpoints" name="test_get_share_link" time="0.291" /><testcase classname="backend.tests.test_new_features.TestSeedCustomers" name="test_seed_customers" time="0.034" /><testcase classname="backend.tests.test_new_features.TestPublicBusinesses" name="test_get_public_businesses" time="0.034" /><testcase classname="backend.tests.test_new_features.TestNotifications" name="test_get_notifications" time="0.290" /><testcase classname="backend.tests.test_new_features.TestNotifications" name="test_create_notification" time="0.304" /><testcase classname="backend.tests.test_new_features.TestMyBookings" name="test_get_my_bookings" time="0.333" /><testcase classname="backend.tests.test_new_features.TestShortLinks" name="test_create_short_link" time="0.295" /><testcase classname="backend.tests.test_new_features.TestShortLinks" name="test_resolve_short_link" time="0.377" /><testcase classname="backend.tests.test_new_features.TestErrorLogging" name="test_log_error" time="0.035" /></testsuite></testsuites>