<?xml version="1.0" encoding="utf-8"?><testsuites name="pytest tests"><testsuite name="pytest" errors="0" failures="0" skipped="0" tests="17" time="2.514" timestamp="2026-02-04T21:32:33.064358+00:00" hostname="agent-env-d2a75865-6b13-47e6-9644-998776aab0bc"><testcase classname="backend.tests.test_team_and_auth.TestAuthSetup" name="test_health_check" time="0.074" /><testcase classname="backend.tests.test_team_and_auth.TestAuthSetup" name="test_login_success" time="0.303" /><testcase classname="backend.tests.test_team_and_auth.TestTeamMembers" name="test_create_team_member" time="0.379" /><testcase classname="backend.tests.test_team_and_auth.TestTeamMembers" name="test_get_team_members_list" time="0.039" /><testcase classname="backend.tests.test_team_and_auth.TestTeamMembers" name="test_get_single_team_member" time="0.080" /><testcase classname="backend.tests.test_team_and_auth.TestTeamMembers" name="test_update_team_member" time="0.115" /><testcase classname="backend.tests.test_team_and_auth.TestTeamMembers" name="test_delete_team_member" time="0.103" /><testcase classname="backend.tests.test_team_and_auth.TestTeamMembers" name="test_get_team_member_stats" time="0.072" /><testcase classname="backend.tests.test_team_and_auth.TestPasswordReset" name="test_forgot_password_existing_email" time="0.037" /><testcase classname="backend.tests.test_team_and_auth.TestPasswordReset" name="test_forgot_password_nonexistent_email" time="0.037" /><testcase classname="backend.tests.test_team_and_auth.TestPasswordReset" name="test_verify_reset_code_invalid" time="0.044" /><testcase classname="backend.tests.test_team_and_auth.TestPasswordReset" name="test_reset_password_invalid_token" time="0.077" /><testcase classname="backend.tests.test_team_and_auth.TestCalendarTeamView" name="test_get_calendar_team_view_today" time="0.299" /><testcase classname="backend.tests.test_team_and_auth.TestCalendarTeamView" name="test_get_calendar_team_view_future_date" time="0.044" /><testcase classname="backend.tests.test_team_and_auth.TestBookingWithTeam" name="test_create_booking_with_team_member" time="0.389" /><testcase classname="backend.tests.test_team_and_auth.TestBookingWithTeam" name="test_create_booking_without_team_member" time="0.038" /><testcase classname="backend.tests.test_team_and_auth.TestExistingTeamMembers" name="test_existing_team_members_present" time="0.298" /></testsuite></testsuites>