<?xml version="1.0" encoding="utf-8"?><testsuites name="pytest tests"><testsuite name="pytest" errors="0" failures="0" skipped="2" tests="15" time="1.662" timestamp="2026-02-06T23:30:38.741457+00:00" hostname="agent-env-23f7bf4c-82ce-4873-a14b-12bd2f172a1a"><testcase classname="backend.tests.test_forgot_password_and_booking_actions.TestForgotPasswordEmail" name="test_forgot_password_send_code_existing_user" time="0.322" /><testcase classname="backend.tests.test_forgot_password_and_booking_actions.TestForgotPasswordEmail" name="test_forgot_password_send_code_nonexistent_user" time="0.035" /><testcase classname="backend.tests.test_forgot_password_and_booking_actions.TestForgotPasswordEmail" name="test_verify_reset_code_invalid" time="0.038" /><testcase classname="backend.tests.test_forgot_password_and_booking_actions.TestForgotPasswordEmail" name="test_reset_password_invalid_token" time="0.040" /><testcase classname="backend.tests.test_forgot_password_and_booking_actions.TestForgotPasswordPhone" name="test_send_otp_nonexistent_phone" time="0.038" /><testcase classname="backend.tests.test_forgot_password_and_booking_actions.TestForgotPasswordPhone" name="test_verify_otp_invalid" time="0.035" /><testcase classname="backend.tests.test_forgot_password_and_booking_actions.TestForgotPasswordPhone" name="test_reset_password_otp_invalid" time="0.036" /><testcase classname="backend.tests.test_forgot_password_and_booking_actions.TestBookingByToken" name="test_get_booking_by_invalid_token" time="0.036" /><testcase classname="backend.tests.test_forgot_password_and_booking_actions.TestBookingByToken" name="test_cancel_booking_invalid_token" time="0.041" /><testcase classname="backend.tests.test_forgot_password_and_booking_actions.TestBookingByToken" name="test_reschedule_booking_invalid_token" time="0.076" /><testcase classname="backend.tests.test_forgot_password_and_booking_actions.TestGoogleAuthBlocking" name="test_google_signup_new_user" time="0.256" /><testcase classname="backend.tests.test_forgot_password_and_booking_actions.TestGoogleAuthBlocking" name="test_google_signup_existing_email_password_user_blocked" time="0.035" /><testcase classname="backend.tests.test_forgot_password_and_booking_actions.TestGoogleAuthBlocking" name="test_google_signup_without_email" time="0.033" /><testcase classname="backend.tests.test_forgot_password_and_booking_actions.TestBookingWithCancelToken" name="test_create_booking_has_cancel_token" time="0.286"><skipped type="pytest.skip" message="Could not get business info">/app/backend/tests/test_forgot_password_and_booking_actions.py:192: Could not get business info</skipped></testcase><testcase classname="backend.tests.test_forgot_password_and_booking_actions.TestPublicBusinessEndpoint" name="test_public_business_returns_availability" time="0.287"><skipped type="pytest.skip" message="Could not get business">/app/backend/tests/test_forgot_password_and_booking_actions.py:244: Could not get business</skipped></testcase></testsuite></testsuites>