<?xml version="1.0" encoding="utf-8"?><testsuites name="pytest tests"><testsuite name="pytest" errors="0" failures="1" skipped="0" tests="15" time="4.708" timestamp="2026-02-05T15:32:34.278972+00:00" hostname="agent-env-bc554c7e-f1a4-45e2-a847-a9b39783491c"><testcase classname="backend.tests.test_iteration13.TestHealthAndAuth" name="test_health_endpoint" time="0.082" /><testcase classname="backend.tests.test_iteration13.TestHealthAndAuth" name="test_login_success" time="0.266" /><testcase classname="backend.tests.test_iteration13.TestProductsCRUD" name="test_get_products_list" time="0.295" /><testcase classname="backend.tests.test_iteration13.TestProductsCRUD" name="test_create_product" time="0.296" /><testcase classname="backend.tests.test_iteration13.TestProductsCRUD" name="test_create_and_get_product" time="0.334" /><testcase classname="backend.tests.test_iteration13.TestProductsCRUD" name="test_update_product" time="0.366"><failure message="KeyError: 'name'">backend/tests/test_iteration13.py:122: in test_update_product
    assert updated["name"] == update_data["name"]
           ^^^^^^^^^^^^^^^
E   KeyError: 'name'</failure></testcase><testcase classname="backend.tests.test_iteration13.TestProductsCRUD" name="test_delete_product" time="0.333" /><testcase classname="backend.tests.test_iteration13.TestMessagesAPI" name="test_get_conversations" time="0.296" /><testcase classname="backend.tests.test_iteration13.TestMessagesAPI" name="test_create_conversation_and_message" time="0.291" /><testcase classname="backend.tests.test_iteration13.TestMessagesAPI" name="test_get_conversation_messages" time="0.327" /><testcase classname="backend.tests.test_iteration13.TestMessagesAPI" name="test_send_message_to_conversation" time="0.329" /><testcase classname="backend.tests.test_iteration13.TestMessagesAPI" name="test_edit_message" time="0.408" /><testcase classname="backend.tests.test_iteration13.TestMessagesAPI" name="test_delete_message" time="0.364" /><testcase classname="backend.tests.test_iteration13.TestAdminSupportInbox" name="test_admin_get_all_conversations" time="0.291" /><testcase classname="backend.tests.test_iteration13.TestServicesDeleteConfirmation" name="test_delete_service" time="0.340" /></testsuite></testsuites>