<?xml version="1.0" encoding="utf-8"?><testsuites name="pytest tests"><testsuite name="pytest" errors="0" failures="0" skipped="0" tests="6" time="5.005" timestamp="2026-02-06T23:58:19.119652+00:00" hostname="agent-env-23f7bf4c-82ce-4873-a14b-12bd2f172a1a"><testcase classname="backend.tests.test_booking_dragdrop.TestBookingDragDrop" name="test_booking_update_syncs_datetime_fields" time="3.180" /><testcase classname="backend.tests.test_booking_dragdrop.TestBookingDragDrop" name="test_booking_update_with_date_change" time="0.407" /><testcase classname="backend.tests.test_booking_dragdrop.TestSupportChatPolling" name="test_conversations_endpoint_responds_quickly" time="0.292" /><testcase classname="backend.tests.test_booking_dragdrop.TestSupportChatPolling" name="test_messages_endpoint_responds_quickly" time="0.334" /><testcase classname="backend.tests.test_booking_dragdrop.TestCalendarPositionCalculation" name="test_booking_at_6am_returns_correct_time" time="0.361" /><testcase classname="backend.tests.test_booking_dragdrop.TestCalendarPositionCalculation" name="test_booking_at_9am_returns_correct_time" time="0.366" /></testsuite></testsuites>