<?xml version="1.0" encoding="utf-8"?><testsuites name="pytest tests"><testsuite name="pytest" errors="0" failures="0" skipped="0" tests="21" time="5.175" timestamp="2026-02-05T00:28:09.687152+00:00" hostname="agent-env-4aa0c96c-8ee4-42ee-883b-e18f331cad14"><testcase classname="tests.test_iteration_11.TestAuthentication" name="test_login_success" time="0.329" /><testcase classname="tests.test_iteration_11.TestAuthentication" name="test_login_invalid_credentials" time="0.039" /><testcase classname="tests.test_iteration_11.TestGlobalSearch" name="test_search_requires_auth" time="0.036" /><testcase classname="tests.test_iteration_11.TestGlobalSearch" name="test_search_returns_results" time="0.308" /><testcase classname="tests.test_iteration_11.TestGlobalSearch" name="test_search_short_query" time="0.291" /><testcase classname="tests.test_iteration_11.TestTeamMembers" name="test_get_team_members" time="0.299" /><testcase classname="tests.test_iteration_11.TestTeamMembers" name="test_create_team_member" time="0.308" /><testcase classname="tests.test_iteration_11.TestTeamMembers" name="test_update_team_member" time="0.420" /><testcase classname="tests.test_iteration_11.TestTeamMembers" name="test_delete_team_member" time="0.329" /><testcase classname="tests.test_iteration_11.TestPublicBooking" name="test_get_public_business" time="0.036" /><testcase classname="tests.test_iteration_11.TestPublicBooking" name="test_get_public_services" time="0.033" /><testcase classname="tests.test_iteration_11.TestPublicBooking" name="test_get_public_team" time="0.053" /><testcase classname="tests.test_iteration_11.TestPublicBooking" name="test_create_public_booking" time="0.070" /><testcase classname="tests.test_iteration_11.TestDashboardStats" name="test_get_business_stats" time="0.296" /><testcase classname="tests.test_iteration_11.TestDashboardStats" name="test_get_analytics_dashboard" time="0.338" /><testcase classname="tests.test_iteration_11.TestOnboarding" name="test_get_onboarding_status" time="0.297" /><testcase classname="tests.test_iteration_11.TestOnboarding" name="test_complete_onboarding" time="0.301" /><testcase classname="tests.test_iteration_11.TestBookings" name="test_get_bookings" time="0.287" /><testcase classname="tests.test_iteration_11.TestBookings" name="test_get_bookings_by_date" time="0.295" /><testcase classname="tests.test_iteration_11.TestServices" name="test_get_services" time="0.295" /><testcase classname="tests.test_iteration_11.TestCleanup" name="test_cleanup_test_data" time="0.423" /></testsuite></testsuites>