<?xml version="1.0" encoding="utf-8"?><testsuites name="pytest tests"><testsuite name="pytest" errors="0" failures="0" skipped="0" tests="37" time="6.607" timestamp="2026-02-04T22:46:22.217338+00:00" hostname="agent-env-4aa0c96c-8ee4-42ee-883b-e18f331cad14"><testcase classname="backend.tests.test_auth_and_core.TestHealthEndpoints" name="test_health_endpoint" time="0.073" /><testcase classname="backend.tests.test_auth_and_core.TestHealthEndpoints" name="test_root_endpoint" time="0.041" /><testcase classname="backend.tests.test_auth_and_core.TestAuthentication" name="test_login_success" time="0.261" /><testcase classname="backend.tests.test_auth_and_core.TestAuthentication" name="test_login_invalid_credentials" time="0.033" /><testcase classname="backend.tests.test_auth_and_core.TestAuthentication" name="test_get_current_user" time="0.295" /><testcase classname="backend.tests.test_auth_and_core.TestAuthentication" name="test_signup_duplicate_email" time="0.044" /><testcase classname="backend.tests.test_auth_and_core.TestBusinessEndpoints" name="test_get_business" time="0.300" /><testcase classname="backend.tests.test_auth_and_core.TestServicesEndpoints" name="test_get_services" time="0.294" /><testcase classname="backend.tests.test_auth_and_core.TestServicesEndpoints" name="test_create_and_delete_service" time="0.341" /><testcase classname="backend.tests.test_auth_and_core.TestBookingsEndpoints" name="test_get_bookings" time="0.333" /><testcase classname="backend.tests.test_auth_and_core.TestAnalyticsEndpoints" name="test_dashboard_analytics" time="0.296" /><testcase classname="backend.tests.test_auth_and_core.TestShareLinkEndpoints" name="test_get_share_link" time="0.293" /><testcase classname="backend.tests.test_new_features.TestSeedCustomers" name="test_seed_customers" time="0.038" /><testcase classname="backend.tests.test_new_features.TestPublicBusinesses" name="test_get_public_businesses" time="0.035" /><testcase classname="backend.tests.test_new_features.TestNotifications" name="test_get_notifications" time="0.299" /><testcase classname="backend.tests.test_new_features.TestNotifications" name="test_create_notification" time="0.294" /><testcase classname="backend.tests.test_new_features.TestMyBookings" name="test_get_my_bookings" time="0.375" /><testcase classname="backend.tests.test_new_features.TestShortLinks" name="test_create_short_link" time="0.298" /><testcase classname="backend.tests.test_new_features.TestShortLinks" name="test_resolve_short_link" time="0.368" /><testcase classname="backend.tests.test_new_features.TestErrorLogging" name="test_log_error" time="0.036" /><testcase classname="backend.tests.test_team_and_auth.TestAuthSetup" name="test_health_check" time="0.034" /><testcase classname="backend.tests.test_team_and_auth.TestAuthSetup" name="test_login_success" time="0.257" /><testcase classname="backend.tests.test_team_and_auth.TestTeamMembers" name="test_create_team_member" time="0.335" /><testcase classname="backend.tests.test_team_and_auth.TestTeamMembers" name="test_get_team_members_list" time="0.034" /><testcase classname="backend.tests.test_team_and_auth.TestTeamMembers" name="test_get_single_team_member" time="0.089" /><testcase classname="backend.tests.test_team_and_auth.TestTeamMembers" name="test_update_team_member" time="0.069" /><testcase classname="backend.tests.test_team_and_auth.TestTeamMembers" name="test_delete_team_member" time="0.077" /><testcase classname="backend.tests.test_team_and_auth.TestTeamMembers" name="test_get_team_member_stats" time="0.073" /><testcase classname="backend.tests.test_team_and_auth.TestPasswordReset" name="test_forgot_password_existing_email" time="0.041" /><testcase classname="backend.tests.test_team_and_auth.TestPasswordReset" name="test_forgot_password_nonexistent_email" time="0.036" /><testcase classname="backend.tests.test_team_and_auth.TestPasswordReset" name="test_verify_reset_code_invalid" time="0.036" /><testcase classname="backend.tests.test_team_and_auth.TestPasswordReset" name="test_reset_password_invalid_token" time="0.034" /><testcase classname="backend.tests.test_team_and_auth.TestCalendarTeamView" name="test_get_calendar_team_view_today" time="0.292" /><testcase classname="backend.tests.test_team_and_auth.TestCalendarTeamView" name="test_get_calendar_team_view_future_date" time="0.036" /><testcase classname="backend.tests.test_team_and_auth.TestBookingWithTeam" name="test_create_booking_with_team_member" time="0.368" /><testcase classname="backend.tests.test_team_and_auth.TestBookingWithTeam" name="test_create_booking_without_team_member" time="0.035" /><testcase classname="backend.tests.test_team_and_auth.TestExistingTeamMembers" name="test_existing_team_members_present" time="0.292" /></testsuite></testsuites>