<?xml version="1.0" encoding="utf-8"?><testsuites name="pytest tests"><testsuite name="pytest" errors="0" failures="0" skipped="0" tests="12" time="2.687" timestamp="2026-02-04T15:32:30.391545+00:00" hostname="agent-env-640c549b-bd1c-492c-925c-764656efcb49"><testcase classname="backend.tests.test_auth_and_core.TestHealthEndpoints" name="test_health_endpoint" time="0.064" /><testcase classname="backend.tests.test_auth_and_core.TestHealthEndpoints" name="test_root_endpoint" time="0.037" /><testcase classname="backend.tests.test_auth_and_core.TestAuthentication" name="test_login_success" time="0.269" /><testcase classname="backend.tests.test_auth_and_core.TestAuthentication" name="test_login_invalid_credentials" time="0.076" /><testcase classname="backend.tests.test_auth_and_core.TestAuthentication" name="test_get_current_user" time="0.298" /><testcase classname="backend.tests.test_auth_and_core.TestAuthentication" name="test_signup_duplicate_email" time="0.034" /><testcase classname="backend.tests.test_auth_and_core.TestBusinessEndpoints" name="test_get_business" time="0.337" /><testcase classname="backend.tests.test_auth_and_core.TestServicesEndpoints" name="test_get_services" time="0.297" /><testcase classname="backend.tests.test_auth_and_core.TestServicesEndpoints" name="test_create_and_delete_service" time="0.335" /><testcase classname="backend.tests.test_auth_and_core.TestBookingsEndpoints" name="test_get_bookings" time="0.292" /><testcase classname="backend.tests.test_auth_and_core.TestAnalyticsEndpoints" name="test_dashboard_analytics" time="0.292" /><testcase classname="backend.tests.test_auth_and_core.TestShareLinkEndpoints" name="test_get_share_link" time="0.290" /></testsuite></testsuites>